<?xml version="1.0" encoding="UTF-8"?>
<coverage generated="1708610830190" clover="3.2.0">
  <project timestamp="1708610830190" name="All files">
    <metrics statements="16" coveredstatements="7" conditionals="0" coveredconditionals="0" methods="11" coveredmethods="7" elements="27" coveredelements="14" complexity="0" loc="16" ncloc="16" packages="1" files="3" classes="3"/>
    <file name="GameSavingLoader.js" path="C:\mycode\Netology\сайты\-Promises-async-await--Task_1\src\js\GameSavingLoader.js">
      <metrics statements="4" coveredstatements="4" conditionals="0" coveredconditionals="0" methods="4" coveredmethods="4"/>
      <line num="6" count="2" type="stmt"/>
      <line num="7" count="1" type="stmt"/>
      <line num="8" count="1" type="stmt"/>
      <line num="9" count="1" type="stmt"/>
    </file>
    <file name="parser.js" path="C:\mycode\Netology\сайты\-Promises-async-await--Task_1\src\js\parser.js">
      <metrics statements="3" coveredstatements="3" conditionals="0" coveredconditionals="0" methods="3" coveredmethods="3"/>
      <line num="2" count="1" type="stmt"/>
      <line num="4" count="1" type="stmt"/>
      <line num="5" count="1" type="stmt"/>
    </file>
    <file name="reader.js" path="C:\mycode\Netology\сайты\-Promises-async-await--Task_1\src\js\reader.js">
      <metrics statements="9" coveredstatements="0" conditionals="0" coveredconditionals="0" methods="4" coveredmethods="0"/>
      <line num="2" count="0" type="stmt"/>
      <line num="4" count="0" type="stmt"/>
      <line num="5" count="0" type="stmt"/>
      <line num="6" count="0" type="stmt"/>
      <line num="7" count="0" type="stmt"/>
      <line num="8" count="0" type="stmt"/>
      <line num="9" count="0" type="stmt"/>
      <line num="10" count="0" type="stmt"/>
      <line num="12" count="0" type="stmt"/>
    </file>
  </project>
</coverage>
